<?xml version="1.0" encoding="UTF-8"?>
<testng-results skipped="0" failed="0" ignored="0" total="1" passed="1">
  <reporter-output>
  </reporter-output>
  <suite name="Default suite" duration-ms="113498" started-at="2019-03-25T06:29:39Z" finished-at="2019-03-25T06:31:32Z">
    <groups>
    </groups>
    <test name="Default test" duration-ms="113498" started-at="2019-03-25T06:29:39Z" finished-at="2019-03-25T06:31:32Z">
      <class name="tstNGpack.ScrollIn">
        <test-method status="PASS" signature="scrollIn()[pri:0, instance:tstNGpack.ScrollIn@1e965684]" name="scrollIn" duration-ms="113417" started-at="2019-03-25T06:29:39Z" finished-at="2019-03-25T06:31:32Z">
          <reporter-output>
          </reporter-output>
        </test-method> <!-- scrollIn -->
      </class> <!-- tstNGpack.ScrollIn -->
    </test> <!-- Default test -->
  </suite> <!-- Default suite -->
</testng-results>
